<?xml version="1.0" encoding="UTF-8"?>
<!-- Generated by org.testng.reporters.JUnitReportReporter -->
<testsuite hostname="DESKTOP-4AF530H" failures="0" tests="1" name="com.regrassion.HomePageTest" time="19.574" errors="0" timestamp="2023-01-18T00:15:22 IST" skipped="0">
  <testcase classname="com.regrassion.HomePageTest" name="brandStore" time="19.574"/>
  <system-out/>
</testsuite> <!-- com.regrassion.HomePageTest -->
