<?xml version="1.0" encoding="UTF-8"?>
<!-- Generated by org.testng.reporters.JUnitReportReporter -->
<testsuite hostname="DESKTOP-4AF530H" failures="0" tests="1" name="com.regrassion.HomePageTest" time="5.958" errors="0" timestamp="2023-01-16T15:50:26 IST" skipped="0">
  <testcase classname="com.regrassion.HomePageTest" name="brandStore" time="5.958"/>
  <system-out/>
</testsuite> <!-- com.regrassion.HomePageTest -->
