<?xml version="1.0" encoding="UTF-8"?>
<!-- Generated by org.testng.reporters.JUnitReportReporter -->
<testsuite hostname="DESKTOP-LL7E7LN" failures="0" tests="1" name="com.regrassion.HomePageTest" time="10.568" errors="0" timestamp="2023-01-18T17:42:43 IST" skipped="0">
  <testcase classname="com.regrassion.HomePageTest" name="Vehicalinfo" time="10.568"/>
  <system-out/>
</testsuite> <!-- com.regrassion.HomePageTest -->
