<?xml version="1.0" encoding="UTF-8"?>
<!-- Generated by org.testng.reporters.JUnitReportReporter -->
<testsuite hostname="DESKTOP-4AF530H" failures="0" tests="1" name="com.regrassion.HomePageTest" time="28.411" errors="0" timestamp="2023-01-18T15:54:44 IST" skipped="0">
  <testcase classname="com.regrassion.HomePageTest" name="BikeSale" time="28.411"/>
  <system-out/>
</testsuite> <!-- com.regrassion.HomePageTest -->
